This is pdfTeX, Version 3.14159265-2.6-1.40.18 (TeX Live 2017) (preloaded format=pdflatex 2017.5.23)  4 MAY 2018 16:38
entering extended mode
 restricted \write18 enabled.
 file:line:error style messages enabled.
 %&-line parsing enabled.
**FinalReport-GonzagaMensBasketballYahtzee.tex
(./FinalReport-GonzagaMensBasketballYahtzee.tex
LaTeX2e <2017-04-15>
Babel <3.10> and hyphenation patterns for 84 language(s) loaded.
(/usr/local/texlive/2017/texmf-dist/tex/latex/base/report.cls
Document Class: report 2014/09/29 v1.4h Standard LaTeX document class
(/usr/local/texlive/2017/texmf-dist/tex/latex/base/size10.clo
File: size10.clo 2014/09/29 v1.4h Standard LaTeX file (size option)
)
\c@part=\count79
\c@chapter=\count80
\c@section=\count81
\c@subsection=\count82
\c@subsubsection=\count83
\c@paragraph=\count84
\c@subparagraph=\count85
\c@figure=\count86
\c@table=\count87
\abovecaptionskip=\skip41
\belowcaptionskip=\skip42
\bibindent=\dimen102
)
(/usr/local/texlive/2017/texmf-dist/tex/latex/graphics/graphicx.sty
Package: graphicx 2014/10/28 v1.0g Enhanced LaTeX Graphics (DPC,SPQR)

(/usr/local/texlive/2017/texmf-dist/tex/latex/graphics/keyval.sty
Package: keyval 2014/10/28 v1.15 key=value parser (DPC)
\KV@toks@=\toks14
)
(/usr/local/texlive/2017/texmf-dist/tex/latex/graphics/graphics.sty
Package: graphics 2017/04/14 v1.1b Standard LaTeX Graphics (DPC,SPQR)

(/usr/local/texlive/2017/texmf-dist/tex/latex/graphics/trig.sty
Package: trig 2016/01/03 v1.10 sin cos tan (DPC)
)
(/usr/local/texlive/2017/texmf-dist/tex/latex/graphics-cfg/graphics.cfg
File: graphics.cfg 2016/06/04 v1.11 sample graphics configuration
)
Package graphics Info: Driver file: pdftex.def on input line 99.

(/usr/local/texlive/2017/texmf-dist/tex/latex/graphics-def/pdftex.def
File: pdftex.def 2017/01/12 v0.06k Graphics/color for pdfTeX

(/usr/local/texlive/2017/texmf-dist/tex/generic/oberdiek/infwarerr.sty
Package: infwarerr 2016/05/16 v1.4 Providing info/warning/error messages (HO)
)
(/usr/local/texlive/2017/texmf-dist/tex/generic/oberdiek/ltxcmds.sty
Package: ltxcmds 2016/05/16 v1.23 LaTeX kernel commands for general use (HO)
)
\Gread@gobject=\count88
))
\Gin@req@height=\dimen103
\Gin@req@width=\dimen104
)
(/usr/local/texlive/2017/texmf-dist/tex/latex/geometry/geometry.sty
Package: geometry 2010/09/12 v5.6 Page Geometry

(/usr/local/texlive/2017/texmf-dist/tex/generic/oberdiek/ifpdf.sty
Package: ifpdf 2017/03/15 v3.2 Provides the ifpdf switch
)
(/usr/local/texlive/2017/texmf-dist/tex/generic/oberdiek/ifvtex.sty
Package: ifvtex 2016/05/16 v1.6 Detect VTeX and its facilities (HO)
Package ifvtex Info: VTeX not detected.
)
(/usr/local/texlive/2017/texmf-dist/tex/generic/ifxetex/ifxetex.sty
Package: ifxetex 2010/09/12 v0.6 Provides ifxetex conditional
)
\Gm@cnth=\count89
\Gm@cntv=\count90
\c@Gm@tempcnt=\count91
\Gm@bindingoffset=\dimen105
\Gm@wd@mp=\dimen106
\Gm@odd@mp=\dimen107
\Gm@even@mp=\dimen108
\Gm@layoutwidth=\dimen109
\Gm@layoutheight=\dimen110
\Gm@layouthoffset=\dimen111
\Gm@layoutvoffset=\dimen112
\Gm@dimlist=\toks15
)
(/usr/local/texlive/2017/texmf-dist/tex/latex/listings/listings.sty
\lst@mode=\count92
\lst@gtempboxa=\box26
\lst@token=\toks16
\lst@length=\count93
\lst@currlwidth=\dimen113
\lst@column=\count94
\lst@pos=\count95
\lst@lostspace=\dimen114
\lst@width=\dimen115
\lst@newlines=\count96
\lst@lineno=\count97
\lst@maxwidth=\dimen116

(/usr/local/texlive/2017/texmf-dist/tex/latex/listings/lstmisc.sty
File: lstmisc.sty 2015/06/04 1.6 (Carsten Heinz)
\c@lstnumber=\count98
\lst@skipnumbers=\count99
\lst@framebox=\box27
)
(/usr/local/texlive/2017/texmf-dist/tex/latex/listings/listings.cfg
File: listings.cfg 2015/06/04 1.6 listings configuration
))
Package: listings 2015/06/04 1.6 (Carsten Heinz)

(./FinalReport-GonzagaMensBasketballYahtzee.aux)
\openout1 = `FinalReport-GonzagaMensBasketballYahtzee.aux'.

LaTeX Font Info:    Checking defaults for OML/cmm/m/it on input line 16.
LaTeX Font Info:    ... okay on input line 16.
LaTeX Font Info:    Checking defaults for T1/cmr/m/n on input line 16.
LaTeX Font Info:    ... okay on input line 16.
LaTeX Font Info:    Checking defaults for OT1/cmr/m/n on input line 16.
LaTeX Font Info:    ... okay on input line 16.
LaTeX Font Info:    Checking defaults for OMS/cmsy/m/n on input line 16.
LaTeX Font Info:    ... okay on input line 16.
LaTeX Font Info:    Checking defaults for OMX/cmex/m/n on input line 16.
LaTeX Font Info:    ... okay on input line 16.
LaTeX Font Info:    Checking defaults for U/cmr/m/n on input line 16.
LaTeX Font Info:    ... okay on input line 16.

(/usr/local/texlive/2017/texmf-dist/tex/context/base/mkii/supp-pdf.mkii
[Loading MPS to PDF converter (version 2006.09.02).]
\scratchcounter=\count100
\scratchdimen=\dimen117
\scratchbox=\box28
\nofMPsegments=\count101
\nofMParguments=\count102
\everyMPshowfont=\toks17
\MPscratchCnt=\count103
\MPscratchDim=\dimen118
\MPnumerator=\count104
\makeMPintoPDFobject=\count105
\everyMPtoPDFconversion=\toks18
) (/usr/local/texlive/2017/texmf-dist/tex/generic/oberdiek/pdftexcmds.sty
Package: pdftexcmds 2017/03/19 v0.25 Utility functions of pdfTeX for LuaTeX (HO
)

(/usr/local/texlive/2017/texmf-dist/tex/generic/oberdiek/ifluatex.sty
Package: ifluatex 2016/05/16 v1.4 Provides the ifluatex switch (HO)
Package ifluatex Info: LuaTeX not detected.
)
Package pdftexcmds Info: LuaTeX not detected.
Package pdftexcmds Info: \pdf@primitive is available.
Package pdftexcmds Info: \pdf@ifprimitive is available.
Package pdftexcmds Info: \pdfdraftmode found.
)
(/usr/local/texlive/2017/texmf-dist/tex/latex/oberdiek/epstopdf-base.sty
Package: epstopdf-base 2016/05/15 v2.6 Base part for package epstopdf

(/usr/local/texlive/2017/texmf-dist/tex/latex/oberdiek/grfext.sty
Package: grfext 2016/05/16 v1.2 Manage graphics extensions (HO)

(/usr/local/texlive/2017/texmf-dist/tex/generic/oberdiek/kvdefinekeys.sty
Package: kvdefinekeys 2016/05/16 v1.4 Define keys (HO)
))
(/usr/local/texlive/2017/texmf-dist/tex/latex/oberdiek/kvoptions.sty
Package: kvoptions 2016/05/16 v3.12 Key value format for package options (HO)

(/usr/local/texlive/2017/texmf-dist/tex/generic/oberdiek/kvsetkeys.sty
Package: kvsetkeys 2016/05/16 v1.17 Key value parser (HO)

(/usr/local/texlive/2017/texmf-dist/tex/generic/oberdiek/etexcmds.sty
Package: etexcmds 2016/05/16 v1.6 Avoid name clashes with e-TeX commands (HO)
Package etexcmds Info: Could not find \expanded.
(etexcmds)             That can mean that you are not using pdfTeX 1.50 or
(etexcmds)             that some package has redefined \expanded.
(etexcmds)             In the latter case, load this package earlier.
)))
Package epstopdf-base Info: Redefining graphics rule for `.eps' on input line 4
38.
Package grfext Info: Graphics extension search list:
(grfext)             [.png,.pdf,.jpg,.mps,.jpeg,.jbig2,.jb2,.PNG,.PDF,.JPG,.JPE
G,.JBIG2,.JB2,.eps]
(grfext)             \AppendGraphicsExtensions on input line 456.

(/usr/local/texlive/2017/texmf-dist/tex/latex/latexconfig/epstopdf-sys.cfg
File: epstopdf-sys.cfg 2010/07/13 v1.3 Configuration of (r)epstopdf for TeX Liv
e
))
*geometry* driver: auto-detecting
*geometry* detected driver: pdftex
*geometry* verbose mode - [ preamble ] result:
* driver: pdftex
* paper: <default>
* layout: <same size as paper>
* layoutoffset:(h,v)=(0.0pt,0.0pt)
* modes: 
* h-part:(L,W,R)=(72.26999pt, 469.75502pt, 72.26999pt)
* v-part:(T,H,B)=(72.26999pt, 650.43001pt, 72.26999pt)
* \paperwidth=614.295pt
* \paperheight=794.96999pt
* \textwidth=469.75502pt
* \textheight=650.43001pt
* \oddsidemargin=0.0pt
* \evensidemargin=0.0pt
* \topmargin=-37.0pt
* \headheight=12.0pt
* \headsep=25.0pt
* \topskip=10.0pt
* \footskip=30.0pt
* \marginparwidth=65.0pt
* \marginparsep=11.0pt
* \columnsep=10.0pt
* \skip\footins=9.0pt plus 4.0pt minus 2.0pt
* \hoffset=0.0pt
* \voffset=0.0pt
* \mag=1000
* \@twocolumnfalse
* \@twosidefalse
* \@mparswitchfalse
* \@reversemarginfalse
* (1in=72.27pt=25.4mm, 1cm=28.453pt)

\c@lstlisting=\count106
<Graphics/1718PosterPhoto.jpg, id=1, 854.19125pt x 316.18124pt>
File: Graphics/1718PosterPhoto.jpg Graphic file (type jpg)

<use Graphics/1718PosterPhoto.jpg>
Package pdftex.def Info: Graphics/1718PosterPhoto.jpg used on input line 31.
(pdftex.def)             Requested size: 433.62pt x 160.50249pt.
 [1

{/usr/local/texlive/2017/texmf-var/fonts/map/pdftex/updmap/pdftex.map} <./Graph
ics/1718PosterPhoto.jpg>]
Part 1.
LaTeX Font Info:    Try loading font information for OMS+cmr on input line 71.
(/usr/local/texlive/2017/texmf-dist/tex/latex/base/omscmr.fd
File: omscmr.fd 2014/09/29 v2.5h Standard LaTeX font definitions
)
LaTeX Font Info:    Font shape `OMS/cmr/m/n' in size <10> not available
(Font)              Font shape `OMS/cmsy/m/n' tried instead on input line 71.

<Graphics/RosterScreenshot.png, id=8, 706.64pt x 674.52pt>
File: Graphics/RosterScreenshot.png Graphic file (type png)

<use Graphics/RosterScreenshot.png>
Package pdftex.def Info: Graphics/RosterScreenshot.png used on input line 76.
(pdftex.def)             Requested size: 267.39877pt x 255.23956pt.
 [1

 <./Graphics/RosterScreenshot.png>]
<Graphics/ScorecardScreenshot.png, id=17, 542.025pt x 650.43pt>
File: Graphics/ScorecardScreenshot.png Graphic file (type png)

<use Graphics/ScorecardScreenshot.png>
Package pdftex.def Info: Graphics/ScorecardScreenshot.png used on input line 11
4.
(pdftex.def)             Requested size: 361.34999pt x 433.63216pt.
 [2] [3 <./Graphics/ScorecardScreenshot.png>]
Part 2.
<Graphics/UMLClassDiagramScreenshot.png, id=25, 681.54625pt x 874.26625pt>
File: Graphics/UMLClassDiagramScreenshot.png Graphic file (type png)

<use Graphics/UMLClassDiagramScreenshot.png>
Package pdftex.def Info: Graphics/UMLClassDiagramScreenshot.png used on input l
ine 124.
(pdftex.def)             Requested size: 310.76122pt x 398.6322pt.

<Graphics/UMLSequenceDiagramScreenshot.png, id=26, 857.2025pt x 717.68124pt>
File: Graphics/UMLSequenceDiagramScreenshot.png Graphic file (type png)

<use Graphics/UMLSequenceDiagramScreenshot.png>
Package pdftex.def Info: Graphics/UMLSequenceDiagramScreenshot.png used on inpu
t line 128.
(pdftex.def)             Requested size: 361.34999pt x 302.5301pt.
 [4

 <./Graphics/UMLClassDiagramScreenshot.png>]
LaTeX Font Info:    External font `cmex10' loaded for size
(Font)              <7> on input line 132.
LaTeX Font Info:    External font `cmex10' loaded for size
(Font)              <5> on input line 132.
 [5 <./Graphics/UMLSequenceDiagramScreenshot.png>]
<Graphics/UXMockup-1.png, id=35, 1113.15875pt x 625.33624pt>
File: Graphics/UXMockup-1.png Graphic file (type png)

<use Graphics/UXMockup-1.png>
Package pdftex.def Info: Graphics/UXMockup-1.png used on input line 192.
(pdftex.def)             Requested size: 361.34999pt x 202.99332pt.
 [6]
<Graphics/UXMockup-2.png, id=40, 830.10126pt x 466.74374pt>
File: Graphics/UXMockup-2.png Graphic file (type png)

<use Graphics/UXMockup-2.png>
Package pdftex.def Info: Graphics/UXMockup-2.png used on input line 196.
(pdftex.def)             Requested size: 361.34999pt x 203.17432pt.

<Graphics/UXMockup-3.png, id=41, 828.09375pt x 467.7475pt>
File: Graphics/UXMockup-3.png Graphic file (type png)

<use Graphics/UXMockup-3.png>
Package pdftex.def Info: Graphics/UXMockup-3.png used on input line 200.
(pdftex.def)             Requested size: 361.34999pt x 204.11086pt.
 [7 <./Graphics/UXMockup-1.png> <./Graphics/UXMockup-2.png> <./Graphics/UXMocku
p-3.png>]
<Graphics/DAA1-A1.png, id=48, 307.8702pt x 235.6002pt>
File: Graphics/DAA1-A1.png Graphic file (type png)

<use Graphics/DAA1-A1.png>
Package pdftex.def Info: Graphics/DAA1-A1.png used on input line 230.
(pdftex.def)             Requested size: 397.48499pt x 304.20232pt.
 [8 <./Graphics/DAA1-A1.png>]
<Graphics/DAA1-A2.png, id=53, 307.8702pt x 226.446pt>
File: Graphics/DAA1-A2.png Graphic file (type png)

<use Graphics/DAA1-A2.png>
Package pdftex.def Info: Graphics/DAA1-A2.png used on input line 249.
(pdftex.def)             Requested size: 390.25755pt x 287.06491pt.

Underfull \hbox (badness 10000) in paragraph at lines 265--266

 []

[9 <./Graphics/DAA1-A2.png>]
Underfull \hbox (badness 10000) in paragraph at lines 314--315

 []

[10] [11] [12]
Underfull \hbox (badness 10000) in paragraph at lines 441--442

 []

[13]
Part 3.

Overfull \hbox (11.05775pt too wide) in paragraph at lines 454--464
 [] 
 []


Overfull \hbox (10.84943pt too wide) in paragraph at lines 469--480
 [] 
 []

[14

]
Overfull \hbox (10.84943pt too wide) in paragraph at lines 486--496
 [] 
 []


Overfull \hbox (10.84943pt too wide) in paragraph at lines 500--510
 [] 
 []

[15] [16]
<Graphics/JUnitTestDieTestScreenshot.png, id=80, 469.2732pt x 263.5446pt>
File: Graphics/JUnitTestDieTestScreenshot.png Graphic file (type png)

<use Graphics/JUnitTestDieTestScreenshot.png>
Package pdftex.def Info: Graphics/JUnitTestDieTestScreenshot.png used on input 
line 594.
(pdftex.def)             Requested size: 433.62pt x 243.52962pt.

<Graphics/JUnitTestPlayerTestScreenshot.png, id=81, 469.2732pt x 263.5446pt>
File: Graphics/JUnitTestPlayerTestScreenshot.png Graphic file (type png)

<use Graphics/JUnitTestPlayerTestScreenshot.png>
Package pdftex.def Info: Graphics/JUnitTestPlayerTestScreenshot.png used on inp
ut line 601.
(pdftex.def)             Requested size: 433.62pt x 243.52962pt.
 [17 <./Graphics/JUnitTestDieTestScreenshot.png> <./Graphics/JUnitTestPlayerTes
tScreenshot.png>]
<Graphics/JUnitTestCalculationsTestScreenshot.png, id=87, 469.2732pt x 263.5446
pt>
File: Graphics/JUnitTestCalculationsTestScreenshot.png Graphic file (type png)
 <use Graphics/JUnitTestCalculationsTestScreenshot.png>
Package pdftex.def Info: Graphics/JUnitTestCalculationsTestScreenshot.png used 
on input line 608.
(pdftex.def)             Requested size: 433.62pt x 243.52962pt.
 [18 <./Graphics/JUnitTestCalculationsTestScreenshot.png>]
Part 4.
[19

] [20] (./FinalReport-GonzagaMensBasketballYahtzee.aux) ) 
Here is how much of TeX's memory you used:
 3245 strings out of 492995
 48964 string characters out of 6132704
 150369 words of memory out of 5000000
 6773 multiletter control sequences out of 15000+600000
 5466 words of font info for 20 fonts, out of 8000000 for 9000
 1141 hyphenation exceptions out of 8191
 39i,8n,32p,2394b,1541s stack positions out of 5000i,500n,10000p,200000b,80000s
</usr/local/texlive/20
17/texmf-dist/fonts/type1/public/amsfonts/cm/cmbx10.pfb></usr/local/texlive/201
7/texmf-dist/fonts/type1/public/amsfonts/cm/cmbx12.pfb></usr/local/texlive/2017
/texmf-dist/fonts/type1/public/amsfonts/cm/cmr10.pfb></usr/local/texlive/2017/t
exmf-dist/fonts/type1/public/amsfonts/cm/cmsy10.pfb>
Output written on FinalReport-GonzagaMensBasketballYahtzee.pdf (21 pages, 33780
02 bytes).
PDF statistics:
 114 PDF objects out of 1000 (max. 8388607)
 61 compressed objects within 1 object stream
 0 named destinations out of 1000 (max. 500000)
 66 words of extra memory for PDF output out of 10000 (max. 10000000)

